<?xml version="1.0" encoding="UTF-8"?>
<!-- Generated by org.testng.reporters.JUnitXMLReporter -->
<testsuite ignored="0" hostname="DESKTOP-KHNQ7JL" failures="0" tests="3" name="Default test" time="15.833" errors="0" timestamp="2023-05-15T13:17:59 IST">
  <testcase classname="com.demo.testcases.LoginTest" name="login" time="4.326"/>
  <testcase classname="com.demo.testcases.LoginTest" name="Logout" time="3.606"/>
  <testcase classname="com.demo.testcases.LoginTest" name="validate_error_message" time="5.238"/>
</testsuite> <!-- Default test -->
