<?xml version="1.0" encoding="UTF-8"?>
<!-- Generated by org.testng.reporters.JUnitXMLReporter -->
<testsuite ignored="6" hostname="josh-Latitude-3410" failures="0" tests="2" name="Test Groups" time="15.904" errors="0" timestamp="2023-08-24T13:47:48 IST">
  <testcase classname="com.demo.testcases.web.WebLoginTest" name="login" time="6.593"/>
  <testcase classname="com.demo.testcases.web.WebHomePageTest" name="select_evening_slot" time="9.264"/>
  <testcase classname="com.demo.setup.BaseSelenium" name="@AfterSuite tearDown" time="0.0">
    <ignored/>
  </testcase> <!-- @AfterSuite tearDown -->
  <testcase classname="com.demo.setup.BaseSelenium" name="@BeforeSuite webSetup" time="0.0">
    <ignored/>
  </testcase> <!-- @BeforeSuite webSetup -->
  <testcase classname="com.demo.testcases.web.WebHomePageTest" name="verify_disabled_slot" time="0.0">
    <ignored/>
  </testcase> <!-- verify_disabled_slot -->
  <testcase classname="com.demo.testcases.web.WebLoginTest" name="validate_error_message" time="0.0">
    <ignored/>
  </testcase> <!-- validate_error_message -->
  <testcase classname="com.demo.testcases.web.WebLoginTest" name="Logout" time="0.0">
    <ignored/>
  </testcase> <!-- Logout -->
  <testcase classname="com.demo.testcases.web.WebHomePageTest" name="appointment" time="0.0">
    <ignored/>
  </testcase> <!-- appointment -->
</testsuite> <!-- Test Groups -->
