<?xml version="1.0" encoding="UTF-8"?>
<!-- Generated by org.testng.reporters.JUnitXMLReporter -->
<testsuite ignored="12" hostname="josh-Latitude-3410" failures="11" tests="27" name="Test" time="161.902" errors="0" timestamp="2023-07-07T16:56:21 IST">
  <testcase classname="com.demo.testcases.web.WebLoginTest" name="login" time="8.62"/>
  <testcase classname="com.demo.testcases.web.WebAppointmentCFDTest" name="appointment_for_existing_patient" time="16.72">
    <failure type="org.openqa.selenium.NoSuchElementException" message="no such element: Unable to locate element: {&amp;quot;method&amp;quot;:&amp;quot;css selector&amp;quot;,&amp;quot;selector&amp;quot;:&amp;quot;*[name=&amp;apos;mobile&amp;apos;]&amp;quot;}
  (Session info: chrome=111.0.5563.146)
For documentation on this error, please visit: https://selenium.dev/exceptions/#no_such_element
Build info: version: &amp;apos;4.9.0&amp;apos;, revision: &amp;apos;d7057100a6&amp;apos;
System info: os.name: &amp;apos;Linux&amp;apos;, os.arch: &amp;apos;amd64&amp;apos;, os.version: &amp;apos;5.14.0-1059-oem&amp;apos;, java.version: &amp;apos;17.0.5&amp;apos;
Driver info: org.openqa.selenium.chrome.ChromeDriver
Command: [1e851ee48bbea848898ee64d4eacb9a9, findElement {using=name, value=mobile}]
Capabilities {acceptInsecureCerts: false, browserName: chrome, browserVersion: 111.0.5563.146, chrome: {chromedriverVersion: 110.0.5481.77 (65ed616c6e8e..., userDataDir: /tmp/.com.google.Chrome.3Pwhqg}, goog:chromeOptions: {debuggerAddress: localhost:45525}, networkConnectionEnabled: false, pageLoadStrategy: normal, platformName: LINUX, proxy: Proxy(), se:cdp: ws://localhost:45525/devtoo..., se:cdpVersion: 111.0.5563.146, setWindowRect: true, strictFileInteractability: false, timeouts: {implicit: 0, pageLoad: 300000, script: 30000}, unhandledPromptBehavior: dismiss and notify, webauthn:extension:credBlob: true, webauthn:extension:largeBlob: true, webauthn:virtualAuthenticators: true}
Session ID: 1e851ee48bbea848898ee64d4eacb9a9">
      <![CDATA[org.openqa.selenium.NoSuchElementException: no such element: Unable to locate element: {"method":"css selector","selector":"*[name='mobile']"}
  (Session info: chrome=111.0.5563.146)
For documentation on this error, please visit: https://selenium.dev/exceptions/#no_such_element
Build info: version: '4.9.0', revision: 'd7057100a6'
System info: os.name: 'Linux', os.arch: 'amd64', os.version: '5.14.0-1059-oem', java.version: '17.0.5'
Driver info: org.openqa.selenium.chrome.ChromeDriver
Command: [1e851ee48bbea848898ee64d4eacb9a9, findElement {using=name, value=mobile}]
Capabilities {acceptInsecureCerts: false, browserName: chrome, browserVersion: 111.0.5563.146, chrome: {chromedriverVersion: 110.0.5481.77 (65ed616c6e8e..., userDataDir: /tmp/.com.google.Chrome.3Pwhqg}, goog:chromeOptions: {debuggerAddress: localhost:45525}, networkConnectionEnabled: false, pageLoadStrategy: normal, platformName: LINUX, proxy: Proxy(), se:cdp: ws://localhost:45525/devtoo..., se:cdpVersion: 111.0.5563.146, setWindowRect: true, strictFileInteractability: false, timeouts: {implicit: 0, pageLoad: 300000, script: 30000}, unhandledPromptBehavior: dismiss and notify, webauthn:extension:credBlob: true, webauthn:extension:largeBlob: true, webauthn:virtualAuthenticators: true}
Session ID: 1e851ee48bbea848898ee64d4eacb9a9
at org.openqa.selenium.remote.codec.w3c.W3CHttpResponseCodec.createException(W3CHttpResponseCodec.java:200)
at org.openqa.selenium.remote.codec.w3c.W3CHttpResponseCodec.decode(W3CHttpResponseCodec.java:133)
at org.openqa.selenium.remote.codec.w3c.W3CHttpResponseCodec.decode(W3CHttpResponseCodec.java:53)
at org.openqa.selenium.remote.HttpCommandExecutor.execute(HttpCommandExecutor.java:193)
at org.openqa.selenium.remote.service.DriverCommandExecutor.invokeExecute(DriverCommandExecutor.java:183)
at org.openqa.selenium.remote.service.DriverCommandExecutor.execute(DriverCommandExecutor.java:158)
at org.openqa.selenium.remote.RemoteWebDriver.execute(RemoteWebDriver.java:543)
at org.openqa.selenium.remote.ElementLocation$ElementFinder$2.findElement(ElementLocation.java:162)
at org.openqa.selenium.remote.ElementLocation.findElement(ElementLocation.java:66)
at org.openqa.selenium.remote.RemoteWebDriver.findElement(RemoteWebDriver.java:352)
at org.openqa.selenium.remote.RemoteWebDriver.findElement(RemoteWebDriver.java:344)
at org.openqa.selenium.support.pagefactory.DefaultElementLocator.findElement(DefaultElementLocator.java:70)
at org.openqa.selenium.support.pagefactory.internal.LocatingElementHandler.invoke(LocatingElementHandler.java:39)
at jdk.proxy2/jdk.proxy2.$Proxy17.sendKeys(Unknown Source)
at com.demo.utilities.WebUtilities.sendkeys(WebUtilities.java:19)
at com.demo.actions.web.HomePage.enter_mobile_no(HomePage.java:114)
at com.demo.testcases.web.WebAppointmentCFDTest.appointment_for_existing_patient(WebAppointmentCFDTest.java:25)
at java.base/java.util.ArrayList.forEach(ArrayList.java:1511)
... Removed 32 stack frames]]>
    </failure>
  </testcase> <!-- appointment_for_existing_patient -->
  <testcase classname="com.demo.testcases.web.WebAppointmentCFDTest" name="verify_booked_slot" time="0.727"/>
  <testcase classname="com.demo.testcases.web.WebAppointmentCFDTest" name="verify_disabled_slot" time="0.068">
    <failure type="java.time.format.DateTimeParseException" message="Text &amp;apos;16:54 pm&amp;apos; could not be parsed, unparsed text found at index 5">
      <![CDATA[java.time.format.DateTimeParseException: Text '16:54 pm' could not be parsed, unparsed text found at index 5
at java.base/java.time.format.DateTimeFormatter.parseResolved0(DateTimeFormatter.java:2055)
at java.base/java.time.format.DateTimeFormatter.parse(DateTimeFormatter.java:1954)
at java.base/java.time.LocalTime.parse(LocalTime.java:465)
at java.base/java.time.LocalTime.parse(LocalTime.java:450)
at com.demo.actions.web.HomePage.verify_diabled_slot(HomePage.java:138)
at com.demo.testcases.web.WebAppointmentCFDTest.verify_disabled_slot(WebAppointmentCFDTest.java:42)
at java.base/java.util.ArrayList.forEach(ArrayList.java:1511)
... Removed 27 stack frames]]>
    </failure>
  </testcase> <!-- verify_disabled_slot -->
  <testcase classname="com.demo.testcases.web.WebAppointmentCFDTest" name="open_created_appointment" time="26.533">
    <failure type="org.openqa.selenium.ElementNotInteractableException" message="element not interactable: element has zero size
  (Session info: chrome=111.0.5563.146)
Build info: version: &amp;apos;4.9.0&amp;apos;, revision: &amp;apos;d7057100a6&amp;apos;
System info: os.name: &amp;apos;Linux&amp;apos;, os.arch: &amp;apos;amd64&amp;apos;, os.version: &amp;apos;5.14.0-1059-oem&amp;apos;, java.version: &amp;apos;17.0.5&amp;apos;
Driver info: org.openqa.selenium.chrome.ChromeDriver
Command: [1e851ee48bbea848898ee64d4eacb9a9, clickElement {id=3f8d6d37-dfe2-444e-b8da-47be6492619c}]
Capabilities {acceptInsecureCerts: false, browserName: chrome, browserVersion: 111.0.5563.146, chrome: {chromedriverVersion: 110.0.5481.77 (65ed616c6e8e..., userDataDir: /tmp/.com.google.Chrome.3Pwhqg}, goog:chromeOptions: {debuggerAddress: localhost:45525}, networkConnectionEnabled: false, pageLoadStrategy: normal, platformName: LINUX, proxy: Proxy(), se:cdp: ws://localhost:45525/devtoo..., se:cdpVersion: 111.0.5563.146, setWindowRect: true, strictFileInteractability: false, timeouts: {implicit: 0, pageLoad: 300000, script: 30000}, unhandledPromptBehavior: dismiss and notify, webauthn:extension:credBlob: true, webauthn:extension:largeBlob: true, webauthn:virtualAuthenticators: true}
Element: [[ChromeDriver: chrome on LINUX (1e851ee48bbea848898ee64d4eacb9a9)] -&amp;gt; xpath: (//div[contains(@class,&amp;quot;panel-body&amp;quot;)])[5]]
Session ID: 1e851ee48bbea848898ee64d4eacb9a9">
      <![CDATA[org.openqa.selenium.ElementNotInteractableException: element not interactable: element has zero size
  (Session info: chrome=111.0.5563.146)
Build info: version: '4.9.0', revision: 'd7057100a6'
System info: os.name: 'Linux', os.arch: 'amd64', os.version: '5.14.0-1059-oem', java.version: '17.0.5'
Driver info: org.openqa.selenium.chrome.ChromeDriver
Command: [1e851ee48bbea848898ee64d4eacb9a9, clickElement {id=3f8d6d37-dfe2-444e-b8da-47be6492619c}]
Capabilities {acceptInsecureCerts: false, browserName: chrome, browserVersion: 111.0.5563.146, chrome: {chromedriverVersion: 110.0.5481.77 (65ed616c6e8e..., userDataDir: /tmp/.com.google.Chrome.3Pwhqg}, goog:chromeOptions: {debuggerAddress: localhost:45525}, networkConnectionEnabled: false, pageLoadStrategy: normal, platformName: LINUX, proxy: Proxy(), se:cdp: ws://localhost:45525/devtoo..., se:cdpVersion: 111.0.5563.146, setWindowRect: true, strictFileInteractability: false, timeouts: {implicit: 0, pageLoad: 300000, script: 30000}, unhandledPromptBehavior: dismiss and notify, webauthn:extension:credBlob: true, webauthn:extension:largeBlob: true, webauthn:virtualAuthenticators: true}
Element: [[ChromeDriver: chrome on LINUX (1e851ee48bbea848898ee64d4eacb9a9)] -> xpath: (//div[contains(@class,"panel-body")])[5]]
Session ID: 1e851ee48bbea848898ee64d4eacb9a9
at org.openqa.selenium.remote.codec.w3c.W3CHttpResponseCodec.createException(W3CHttpResponseCodec.java:200)
at org.openqa.selenium.remote.codec.w3c.W3CHttpResponseCodec.decode(W3CHttpResponseCodec.java:133)
at org.openqa.selenium.remote.codec.w3c.W3CHttpResponseCodec.decode(W3CHttpResponseCodec.java:53)
at org.openqa.selenium.remote.HttpCommandExecutor.execute(HttpCommandExecutor.java:193)
at org.openqa.selenium.remote.service.DriverCommandExecutor.invokeExecute(DriverCommandExecutor.java:183)
at org.openqa.selenium.remote.service.DriverCommandExecutor.execute(DriverCommandExecutor.java:158)
at org.openqa.selenium.remote.RemoteWebDriver.execute(RemoteWebDriver.java:543)
at org.openqa.selenium.remote.RemoteWebElement.execute(RemoteWebElement.java:257)
at org.openqa.selenium.remote.RemoteWebElement.click(RemoteWebElement.java:78)
at com.demo.actions.web.HomePage.select_created_appointment(HomePage.java:204)
at com.demo.testcases.web.WebAppointmentCFDTest.open_created_appointment(WebAppointmentCFDTest.java:49)
at java.base/java.util.ArrayList.forEach(ArrayList.java:1511)
... Removed 32 stack frames]]>
    </failure>
  </testcase> <!-- open_created_appointment -->
  <testcase classname="com.demo.testcases.web.WebAppointmentCFDTest" name="verify_20_popular_diagnosis" time="2.197">
    <failure type="org.openqa.selenium.StaleElementReferenceException" message="stale element reference: element is not attached to the page document
  (Session info: chrome=111.0.5563.146)
For documentation on this error, please visit: https://selenium.dev/exceptions/#stale_element_reference
Build info: version: &amp;apos;4.9.0&amp;apos;, revision: &amp;apos;d7057100a6&amp;apos;
System info: os.name: &amp;apos;Linux&amp;apos;, os.arch: &amp;apos;amd64&amp;apos;, os.version: &amp;apos;5.14.0-1059-oem&amp;apos;, java.version: &amp;apos;17.0.5&amp;apos;
Driver info: org.openqa.selenium.chrome.ChromeDriver
Command: [1e851ee48bbea848898ee64d4eacb9a9, isElementDisplayed {id=cf0fbb55-30ba-4252-96c4-3fb6c7ab5422}]
Capabilities {acceptInsecureCerts: false, browserName: chrome, browserVersion: 111.0.5563.146, chrome: {chromedriverVersion: 110.0.5481.77 (65ed616c6e8e..., userDataDir: /tmp/.com.google.Chrome.3Pwhqg}, goog:chromeOptions: {debuggerAddress: localhost:45525}, networkConnectionEnabled: false, pageLoadStrategy: normal, platformName: LINUX, proxy: Proxy(), se:cdp: ws://localhost:45525/devtoo..., se:cdpVersion: 111.0.5563.146, setWindowRect: true, strictFileInteractability: false, timeouts: {implicit: 0, pageLoad: 300000, script: 30000}, unhandledPromptBehavior: dismiss and notify, webauthn:extension:credBlob: true, webauthn:extension:largeBlob: true, webauthn:virtualAuthenticators: true}
Element: [[ChromeDriver: chrome on LINUX (1e851ee48bbea848898ee64d4eacb9a9)] -&amp;gt; xpath: //div[@ng-repeat=&amp;quot;result in vm.search_results&amp;quot;]/a]
Session ID: 1e851ee48bbea848898ee64d4eacb9a9">
      <![CDATA[org.openqa.selenium.StaleElementReferenceException: stale element reference: element is not attached to the page document
  (Session info: chrome=111.0.5563.146)
For documentation on this error, please visit: https://selenium.dev/exceptions/#stale_element_reference
Build info: version: '4.9.0', revision: 'd7057100a6'
System info: os.name: 'Linux', os.arch: 'amd64', os.version: '5.14.0-1059-oem', java.version: '17.0.5'
Driver info: org.openqa.selenium.chrome.ChromeDriver
Command: [1e851ee48bbea848898ee64d4eacb9a9, isElementDisplayed {id=cf0fbb55-30ba-4252-96c4-3fb6c7ab5422}]
Capabilities {acceptInsecureCerts: false, browserName: chrome, browserVersion: 111.0.5563.146, chrome: {chromedriverVersion: 110.0.5481.77 (65ed616c6e8e..., userDataDir: /tmp/.com.google.Chrome.3Pwhqg}, goog:chromeOptions: {debuggerAddress: localhost:45525}, networkConnectionEnabled: false, pageLoadStrategy: normal, platformName: LINUX, proxy: Proxy(), se:cdp: ws://localhost:45525/devtoo..., se:cdpVersion: 111.0.5563.146, setWindowRect: true, strictFileInteractability: false, timeouts: {implicit: 0, pageLoad: 300000, script: 30000}, unhandledPromptBehavior: dismiss and notify, webauthn:extension:credBlob: true, webauthn:extension:largeBlob: true, webauthn:virtualAuthenticators: true}
Element: [[ChromeDriver: chrome on LINUX (1e851ee48bbea848898ee64d4eacb9a9)] -> xpath: //div[@ng-repeat="result in vm.search_results"]/a]
Session ID: 1e851ee48bbea848898ee64d4eacb9a9
at org.openqa.selenium.remote.codec.w3c.W3CHttpResponseCodec.createException(W3CHttpResponseCodec.java:200)
at org.openqa.selenium.remote.codec.w3c.W3CHttpResponseCodec.decode(W3CHttpResponseCodec.java:133)
at org.openqa.selenium.remote.codec.w3c.W3CHttpResponseCodec.decode(W3CHttpResponseCodec.java:53)
at org.openqa.selenium.remote.HttpCommandExecutor.execute(HttpCommandExecutor.java:193)
at org.openqa.selenium.remote.service.DriverCommandExecutor.invokeExecute(DriverCommandExecutor.java:183)
at org.openqa.selenium.remote.service.DriverCommandExecutor.execute(DriverCommandExecutor.java:158)
at org.openqa.selenium.remote.RemoteWebDriver.execute(RemoteWebDriver.java:543)
at org.openqa.selenium.remote.RemoteWebElement.execute(RemoteWebElement.java:257)
at org.openqa.selenium.remote.RemoteWebElement.isDisplayed(RemoteWebElement.java:313)
at org.openqa.selenium.support.ui.ExpectedConditions.elementIfVisible(ExpectedConditions.java:307)
at org.openqa.selenium.support.ui.ExpectedConditions.access$000(ExpectedConditions.java:40)
at org.openqa.selenium.support.ui.ExpectedConditions$10.apply(ExpectedConditions.java:293)
at org.openqa.selenium.support.ui.ExpectedConditions$10.apply(ExpectedConditions.java:290)
at org.openqa.selenium.support.ui.FluentWait.until(FluentWait.java:208)
at com.demo.utilities.WebUtilities.fluent_wait(WebUtilities.java:56)
at com.demo.actions.web.CFDPage.verify_popular_diagnosis(CFDPage.java:63)
at com.demo.testcases.web.WebAppointmentCFDTest.verify_20_popular_diagnosis(WebAppointmentCFDTest.java:55)
at java.base/java.util.ArrayList.forEach(ArrayList.java:1511)
... Removed 32 stack frames]]>
    </failure>
  </testcase> <!-- verify_20_popular_diagnosis -->
  <testcase classname="com.demo.testcases.web.WebAppointmentCFDTest" name="add_popular_diagnosis" time="20.51"/>
  <testcase classname="com.demo.testcases.web.WebAppointmentCFDTest" name="diagnosis_tab_add_cfd" time="10.211">
    <failure type="org.openqa.selenium.NoSuchElementException" message="no such element: Unable to locate element: {&amp;quot;method&amp;quot;:&amp;quot;xpath&amp;quot;,&amp;quot;selector&amp;quot;:&amp;quot;//label[@class=&amp;apos;item item-input&amp;apos;]/input&amp;quot;}
  (Session info: chrome=111.0.5563.146)
For documentation on this error, please visit: https://selenium.dev/exceptions/#no_such_element
Build info: version: &amp;apos;4.9.0&amp;apos;, revision: &amp;apos;d7057100a6&amp;apos;
System info: os.name: &amp;apos;Linux&amp;apos;, os.arch: &amp;apos;amd64&amp;apos;, os.version: &amp;apos;5.14.0-1059-oem&amp;apos;, java.version: &amp;apos;17.0.5&amp;apos;
Driver info: org.openqa.selenium.chrome.ChromeDriver
Command: [1e851ee48bbea848898ee64d4eacb9a9, findElement {using=xpath, value=//label[@class=&amp;apos;item item-input&amp;apos;]/input}]
Capabilities {acceptInsecureCerts: false, browserName: chrome, browserVersion: 111.0.5563.146, chrome: {chromedriverVersion: 110.0.5481.77 (65ed616c6e8e..., userDataDir: /tmp/.com.google.Chrome.3Pwhqg}, goog:chromeOptions: {debuggerAddress: localhost:45525}, networkConnectionEnabled: false, pageLoadStrategy: normal, platformName: LINUX, proxy: Proxy(), se:cdp: ws://localhost:45525/devtoo..., se:cdpVersion: 111.0.5563.146, setWindowRect: true, strictFileInteractability: false, timeouts: {implicit: 0, pageLoad: 300000, script: 30000}, unhandledPromptBehavior: dismiss and notify, webauthn:extension:credBlob: true, webauthn:extension:largeBlob: true, webauthn:virtualAuthenticators: true}
Session ID: 1e851ee48bbea848898ee64d4eacb9a9">
      <![CDATA[org.openqa.selenium.NoSuchElementException: no such element: Unable to locate element: {"method":"xpath","selector":"//label[@class='item item-input']/input"}
  (Session info: chrome=111.0.5563.146)
For documentation on this error, please visit: https://selenium.dev/exceptions/#no_such_element
Build info: version: '4.9.0', revision: 'd7057100a6'
System info: os.name: 'Linux', os.arch: 'amd64', os.version: '5.14.0-1059-oem', java.version: '17.0.5'
Driver info: org.openqa.selenium.chrome.ChromeDriver
Command: [1e851ee48bbea848898ee64d4eacb9a9, findElement {using=xpath, value=//label[@class='item item-input']/input}]
Capabilities {acceptInsecureCerts: false, browserName: chrome, browserVersion: 111.0.5563.146, chrome: {chromedriverVersion: 110.0.5481.77 (65ed616c6e8e..., userDataDir: /tmp/.com.google.Chrome.3Pwhqg}, goog:chromeOptions: {debuggerAddress: localhost:45525}, networkConnectionEnabled: false, pageLoadStrategy: normal, platformName: LINUX, proxy: Proxy(), se:cdp: ws://localhost:45525/devtoo..., se:cdpVersion: 111.0.5563.146, setWindowRect: true, strictFileInteractability: false, timeouts: {implicit: 0, pageLoad: 300000, script: 30000}, unhandledPromptBehavior: dismiss and notify, webauthn:extension:credBlob: true, webauthn:extension:largeBlob: true, webauthn:virtualAuthenticators: true}
Session ID: 1e851ee48bbea848898ee64d4eacb9a9
at org.openqa.selenium.remote.codec.w3c.W3CHttpResponseCodec.createException(W3CHttpResponseCodec.java:200)
at org.openqa.selenium.remote.codec.w3c.W3CHttpResponseCodec.decode(W3CHttpResponseCodec.java:133)
at org.openqa.selenium.remote.codec.w3c.W3CHttpResponseCodec.decode(W3CHttpResponseCodec.java:53)
at org.openqa.selenium.remote.HttpCommandExecutor.execute(HttpCommandExecutor.java:193)
at org.openqa.selenium.remote.service.DriverCommandExecutor.invokeExecute(DriverCommandExecutor.java:183)
at org.openqa.selenium.remote.service.DriverCommandExecutor.execute(DriverCommandExecutor.java:158)
at org.openqa.selenium.remote.RemoteWebDriver.execute(RemoteWebDriver.java:543)
at org.openqa.selenium.remote.ElementLocation$ElementFinder$2.findElement(ElementLocation.java:162)
at org.openqa.selenium.remote.ElementLocation.findElement(ElementLocation.java:60)
at org.openqa.selenium.remote.RemoteWebDriver.findElement(RemoteWebDriver.java:352)
at org.openqa.selenium.remote.RemoteWebDriver.findElement(RemoteWebDriver.java:344)
at org.openqa.selenium.support.pagefactory.DefaultElementLocator.findElement(DefaultElementLocator.java:70)
at org.openqa.selenium.support.pagefactory.internal.LocatingElementHandler.invoke(LocatingElementHandler.java:39)
at jdk.proxy2/jdk.proxy2.$Proxy17.sendKeys(Unknown Source)
at com.demo.utilities.WebUtilities.sendkeys(WebUtilities.java:19)
at com.demo.actions.web.CFDPage.search_diagnosis(CFDPage.java:113)
at com.demo.testcases.web.WebAppointmentCFDTest.diagnosis_tab_add_cfd(WebAppointmentCFDTest.java:74)
at java.base/java.util.ArrayList.forEach(ArrayList.java:1511)
... Removed 32 stack frames]]>
    </failure>
  </testcase> <!-- diagnosis_tab_add_cfd -->
  <testcase classname="com.demo.testcases.web.WebAppointmentCFDTest" name="diagnosis_tab_verify_added_cfd" time="0.961"/>
  <testcase classname="com.demo.testcases.web.WebAppointmentPrescriptionPageTest" name="prescription_tab" time="0.236"/>
  <testcase classname="com.demo.testcases.web.WebAppointmentPrescriptionPageTest" name="verify_20_popular_drugs" time="0.658">
    <failure type="org.openqa.selenium.StaleElementReferenceException" message="stale element reference: element is not attached to the page document
  (Session info: chrome=111.0.5563.146)
For documentation on this error, please visit: https://selenium.dev/exceptions/#stale_element_reference
Build info: version: &amp;apos;4.9.0&amp;apos;, revision: &amp;apos;d7057100a6&amp;apos;
System info: os.name: &amp;apos;Linux&amp;apos;, os.arch: &amp;apos;amd64&amp;apos;, os.version: &amp;apos;5.14.0-1059-oem&amp;apos;, java.version: &amp;apos;17.0.5&amp;apos;
Driver info: org.openqa.selenium.chrome.ChromeDriver
Command: [1e851ee48bbea848898ee64d4eacb9a9, isElementDisplayed {id=4feb5eee-e673-4cfb-84dc-c274c5b45c08}]
Capabilities {acceptInsecureCerts: false, browserName: chrome, browserVersion: 111.0.5563.146, chrome: {chromedriverVersion: 110.0.5481.77 (65ed616c6e8e..., userDataDir: /tmp/.com.google.Chrome.3Pwhqg}, goog:chromeOptions: {debuggerAddress: localhost:45525}, networkConnectionEnabled: false, pageLoadStrategy: normal, platformName: LINUX, proxy: Proxy(), se:cdp: ws://localhost:45525/devtoo..., se:cdpVersion: 111.0.5563.146, setWindowRect: true, strictFileInteractability: false, timeouts: {implicit: 0, pageLoad: 300000, script: 30000}, unhandledPromptBehavior: dismiss and notify, webauthn:extension:credBlob: true, webauthn:extension:largeBlob: true, webauthn:virtualAuthenticators: true}
Element: [[ChromeDriver: chrome on LINUX (1e851ee48bbea848898ee64d4eacb9a9)] -&amp;gt; xpath: //*[@class=&amp;quot;search-result ng-scope&amp;quot;]/div/a]
Session ID: 1e851ee48bbea848898ee64d4eacb9a9">
      <![CDATA[org.openqa.selenium.StaleElementReferenceException: stale element reference: element is not attached to the page document
  (Session info: chrome=111.0.5563.146)
For documentation on this error, please visit: https://selenium.dev/exceptions/#stale_element_reference
Build info: version: '4.9.0', revision: 'd7057100a6'
System info: os.name: 'Linux', os.arch: 'amd64', os.version: '5.14.0-1059-oem', java.version: '17.0.5'
Driver info: org.openqa.selenium.chrome.ChromeDriver
Command: [1e851ee48bbea848898ee64d4eacb9a9, isElementDisplayed {id=4feb5eee-e673-4cfb-84dc-c274c5b45c08}]
Capabilities {acceptInsecureCerts: false, browserName: chrome, browserVersion: 111.0.5563.146, chrome: {chromedriverVersion: 110.0.5481.77 (65ed616c6e8e..., userDataDir: /tmp/.com.google.Chrome.3Pwhqg}, goog:chromeOptions: {debuggerAddress: localhost:45525}, networkConnectionEnabled: false, pageLoadStrategy: normal, platformName: LINUX, proxy: Proxy(), se:cdp: ws://localhost:45525/devtoo..., se:cdpVersion: 111.0.5563.146, setWindowRect: true, strictFileInteractability: false, timeouts: {implicit: 0, pageLoad: 300000, script: 30000}, unhandledPromptBehavior: dismiss and notify, webauthn:extension:credBlob: true, webauthn:extension:largeBlob: true, webauthn:virtualAuthenticators: true}
Element: [[ChromeDriver: chrome on LINUX (1e851ee48bbea848898ee64d4eacb9a9)] -> xpath: //*[@class="search-result ng-scope"]/div/a]
Session ID: 1e851ee48bbea848898ee64d4eacb9a9
at org.openqa.selenium.remote.codec.w3c.W3CHttpResponseCodec.createException(W3CHttpResponseCodec.java:200)
at org.openqa.selenium.remote.codec.w3c.W3CHttpResponseCodec.decode(W3CHttpResponseCodec.java:133)
at org.openqa.selenium.remote.codec.w3c.W3CHttpResponseCodec.decode(W3CHttpResponseCodec.java:53)
at org.openqa.selenium.remote.HttpCommandExecutor.execute(HttpCommandExecutor.java:193)
at org.openqa.selenium.remote.service.DriverCommandExecutor.invokeExecute(DriverCommandExecutor.java:183)
at org.openqa.selenium.remote.service.DriverCommandExecutor.execute(DriverCommandExecutor.java:158)
at org.openqa.selenium.remote.RemoteWebDriver.execute(RemoteWebDriver.java:543)
at org.openqa.selenium.remote.RemoteWebElement.execute(RemoteWebElement.java:257)
at org.openqa.selenium.remote.RemoteWebElement.isDisplayed(RemoteWebElement.java:313)
at org.openqa.selenium.support.ui.ExpectedConditions.elementIfVisible(ExpectedConditions.java:307)
at org.openqa.selenium.support.ui.ExpectedConditions.access$000(ExpectedConditions.java:40)
at org.openqa.selenium.support.ui.ExpectedConditions$10.apply(ExpectedConditions.java:293)
at org.openqa.selenium.support.ui.ExpectedConditions$10.apply(ExpectedConditions.java:290)
at org.openqa.selenium.support.ui.ExpectedConditions$23.apply(ExpectedConditions.java:660)
at org.openqa.selenium.support.ui.ExpectedConditions$23.apply(ExpectedConditions.java:656)
at org.openqa.selenium.support.ui.FluentWait.until(FluentWait.java:208)
at com.demo.utilities.WebUtilities.explicitwait(WebUtilities.java:68)
at com.demo.actions.web.Prescription.verify_20_popular_drugs(Prescription.java:121)
at com.demo.testcases.web.WebAppointmentPrescriptionPageTest.verify_20_popular_drugs(WebAppointmentPrescriptionPageTest.java:26)
at java.base/java.util.ArrayList.forEach(ArrayList.java:1511)
... Removed 32 stack frames]]>
    </failure>
  </testcase> <!-- verify_20_popular_drugs -->
  <testcase classname="com.demo.testcases.web.WebAppointmentPrescriptionPageTest" name="search_drugs" time="0.206">
    <failure type="java.lang.AssertionError" message="expected [true] but found [false]">
      <![CDATA[java.lang.AssertionError: expected [true] but found [false]
at com.demo.actions.web.Prescription.search_drugs(Prescription.java:220)
at com.demo.testcases.web.WebAppointmentPrescriptionPageTest.search_drugs(WebAppointmentPrescriptionPageTest.java:36)
at java.base/java.util.ArrayList.forEach(ArrayList.java:1511)
... Removed 31 stack frames]]>
    </failure>
  </testcase> <!-- search_drugs -->
  <testcase classname="com.demo.testcases.web.WebAppointmentPrescriptionPageTest" name="add_new_drug_form_details" time="6.225"/>
  <testcase classname="com.demo.testcases.web.WebAppointmentPrescriptionPageTest" name="verify_created_drug_is_added" time="5.127">
    <failure type="org.openqa.selenium.StaleElementReferenceException" message="stale element reference: element is not attached to the page document
  (Session info: chrome=111.0.5563.146)
For documentation on this error, please visit: https://selenium.dev/exceptions/#stale_element_reference
Build info: version: &amp;apos;4.9.0&amp;apos;, revision: &amp;apos;d7057100a6&amp;apos;
System info: os.name: &amp;apos;Linux&amp;apos;, os.arch: &amp;apos;amd64&amp;apos;, os.version: &amp;apos;5.14.0-1059-oem&amp;apos;, java.version: &amp;apos;17.0.5&amp;apos;
Driver info: org.openqa.selenium.chrome.ChromeDriver
Command: [1e851ee48bbea848898ee64d4eacb9a9, getElementText {id=aec8691d-0485-4b5d-a5f6-ce70143e2037}]
Capabilities {acceptInsecureCerts: false, browserName: chrome, browserVersion: 111.0.5563.146, chrome: {chromedriverVersion: 110.0.5481.77 (65ed616c6e8e..., userDataDir: /tmp/.com.google.Chrome.3Pwhqg}, goog:chromeOptions: {debuggerAddress: localhost:45525}, networkConnectionEnabled: false, pageLoadStrategy: normal, platformName: LINUX, proxy: Proxy(), se:cdp: ws://localhost:45525/devtoo..., se:cdpVersion: 111.0.5563.146, setWindowRect: true, strictFileInteractability: false, timeouts: {implicit: 0, pageLoad: 300000, script: 30000}, unhandledPromptBehavior: dismiss and notify, webauthn:extension:credBlob: true, webauthn:extension:largeBlob: true, webauthn:virtualAuthenticators: true}
Element: [[ChromeDriver: chrome on LINUX (1e851ee48bbea848898ee64d4eacb9a9)] -&amp;gt; xpath: //*[@class=&amp;quot;dropdown flex-100 border-0&amp;quot;]/a/span]
Session ID: 1e851ee48bbea848898ee64d4eacb9a9">
      <![CDATA[org.openqa.selenium.StaleElementReferenceException: stale element reference: element is not attached to the page document
  (Session info: chrome=111.0.5563.146)
For documentation on this error, please visit: https://selenium.dev/exceptions/#stale_element_reference
Build info: version: '4.9.0', revision: 'd7057100a6'
System info: os.name: 'Linux', os.arch: 'amd64', os.version: '5.14.0-1059-oem', java.version: '17.0.5'
Driver info: org.openqa.selenium.chrome.ChromeDriver
Command: [1e851ee48bbea848898ee64d4eacb9a9, getElementText {id=aec8691d-0485-4b5d-a5f6-ce70143e2037}]
Capabilities {acceptInsecureCerts: false, browserName: chrome, browserVersion: 111.0.5563.146, chrome: {chromedriverVersion: 110.0.5481.77 (65ed616c6e8e..., userDataDir: /tmp/.com.google.Chrome.3Pwhqg}, goog:chromeOptions: {debuggerAddress: localhost:45525}, networkConnectionEnabled: false, pageLoadStrategy: normal, platformName: LINUX, proxy: Proxy(), se:cdp: ws://localhost:45525/devtoo..., se:cdpVersion: 111.0.5563.146, setWindowRect: true, strictFileInteractability: false, timeouts: {implicit: 0, pageLoad: 300000, script: 30000}, unhandledPromptBehavior: dismiss and notify, webauthn:extension:credBlob: true, webauthn:extension:largeBlob: true, webauthn:virtualAuthenticators: true}
Element: [[ChromeDriver: chrome on LINUX (1e851ee48bbea848898ee64d4eacb9a9)] -> xpath: //*[@class="dropdown flex-100 border-0"]/a/span]
Session ID: 1e851ee48bbea848898ee64d4eacb9a9
at org.openqa.selenium.remote.codec.w3c.W3CHttpResponseCodec.createException(W3CHttpResponseCodec.java:200)
at org.openqa.selenium.remote.codec.w3c.W3CHttpResponseCodec.decode(W3CHttpResponseCodec.java:133)
at org.openqa.selenium.remote.codec.w3c.W3CHttpResponseCodec.decode(W3CHttpResponseCodec.java:53)
at org.openqa.selenium.remote.HttpCommandExecutor.execute(HttpCommandExecutor.java:193)
at org.openqa.selenium.remote.service.DriverCommandExecutor.invokeExecute(DriverCommandExecutor.java:183)
at org.openqa.selenium.remote.service.DriverCommandExecutor.execute(DriverCommandExecutor.java:158)
at org.openqa.selenium.remote.RemoteWebDriver.execute(RemoteWebDriver.java:543)
at org.openqa.selenium.remote.RemoteWebElement.execute(RemoteWebElement.java:257)
at org.openqa.selenium.remote.RemoteWebElement.getText(RemoteWebElement.java:207)
at com.demo.actions.web.Prescription.verify_created_drug_added(Prescription.java:398)
at com.demo.testcases.web.WebAppointmentPrescriptionPageTest.verify_created_drug_is_added(WebAppointmentPrescriptionPageTest.java:57)
at java.base/java.util.ArrayList.forEach(ArrayList.java:1511)
... Removed 32 stack frames]]>
    </failure>
  </testcase> <!-- verify_created_drug_is_added -->
  <testcase classname="com.demo.testcases.web.WebAppointmentPrescriptionPageTest" name="verify_delete_icon_for_added_drugs" time="0.094"/>
  <testcase classname="com.demo.testcases.web.WebAppointmentPrescriptionPageTest" name="verify_same_drug_cannot_be_added_twice" time="0.377">
    <failure type="java.lang.AssertionError" message="expected [true] but found [false]">
      <![CDATA[java.lang.AssertionError: expected [true] but found [false]
at com.demo.actions.web.Prescription.verify_same_drug_cannot_be_added_twice(Prescription.java:465)
at com.demo.testcases.web.WebAppointmentPrescriptionPageTest.verify_same_drug_cannot_be_added_twice(WebAppointmentPrescriptionPageTest.java:70)
at java.base/java.util.ArrayList.forEach(ArrayList.java:1511)
... Removed 31 stack frames]]>
    </failure>
  </testcase> <!-- verify_same_drug_cannot_be_added_twice -->
  <testcase classname="com.demo.testcases.web.WebAppointmentPrescriptionPageTest" name="delete_all_added_drugs" time="0.145"/>
  <testcase classname="com.demo.testcases.web.WebAppointmentInstructionsPageTest" name="instructions_tab" time="5.311"/>
  <testcase classname="com.demo.testcases.web.WebAppointmentInstructionsPageTest" name="search_test" time="1.045"/>
  <testcase classname="com.demo.testcases.web.WebAppointmentInstructionsPageTest" name="search_instruction" time="2.005"/>
  <testcase classname="com.demo.testcases.web.WebAppointmentInstructionsPageTest" name="search_procedure" time="1.11">
    <failure type="org.openqa.selenium.StaleElementReferenceException" message="stale element reference: element is not attached to the page document
  (Session info: chrome=111.0.5563.146)
For documentation on this error, please visit: https://selenium.dev/exceptions/#stale_element_reference
Build info: version: &amp;apos;4.9.0&amp;apos;, revision: &amp;apos;d7057100a6&amp;apos;
System info: os.name: &amp;apos;Linux&amp;apos;, os.arch: &amp;apos;amd64&amp;apos;, os.version: &amp;apos;5.14.0-1059-oem&amp;apos;, java.version: &amp;apos;17.0.5&amp;apos;
Driver info: org.openqa.selenium.chrome.ChromeDriver
Command: [1e851ee48bbea848898ee64d4eacb9a9, isElementDisplayed {id=7e539e7f-0b51-46c9-8d7b-3aa4a07ff62f}]
Capabilities {acceptInsecureCerts: false, browserName: chrome, browserVersion: 111.0.5563.146, chrome: {chromedriverVersion: 110.0.5481.77 (65ed616c6e8e..., userDataDir: /tmp/.com.google.Chrome.3Pwhqg}, goog:chromeOptions: {debuggerAddress: localhost:45525}, networkConnectionEnabled: false, pageLoadStrategy: normal, platformName: LINUX, proxy: Proxy(), se:cdp: ws://localhost:45525/devtoo..., se:cdpVersion: 111.0.5563.146, setWindowRect: true, strictFileInteractability: false, timeouts: {implicit: 0, pageLoad: 300000, script: 30000}, unhandledPromptBehavior: dismiss and notify, webauthn:extension:credBlob: true, webauthn:extension:largeBlob: true, webauthn:virtualAuthenticators: true}
Element: [[ChromeDriver: chrome on LINUX (1e851ee48bbea848898ee64d4eacb9a9)] -&amp;gt; xpath: //*[@class=&amp;quot;search-result mb-0 ng-scope&amp;quot;]/div/a]
Session ID: 1e851ee48bbea848898ee64d4eacb9a9">
      <![CDATA[org.openqa.selenium.StaleElementReferenceException: stale element reference: element is not attached to the page document
  (Session info: chrome=111.0.5563.146)
For documentation on this error, please visit: https://selenium.dev/exceptions/#stale_element_reference
Build info: version: '4.9.0', revision: 'd7057100a6'
System info: os.name: 'Linux', os.arch: 'amd64', os.version: '5.14.0-1059-oem', java.version: '17.0.5'
Driver info: org.openqa.selenium.chrome.ChromeDriver
Command: [1e851ee48bbea848898ee64d4eacb9a9, isElementDisplayed {id=7e539e7f-0b51-46c9-8d7b-3aa4a07ff62f}]
Capabilities {acceptInsecureCerts: false, browserName: chrome, browserVersion: 111.0.5563.146, chrome: {chromedriverVersion: 110.0.5481.77 (65ed616c6e8e..., userDataDir: /tmp/.com.google.Chrome.3Pwhqg}, goog:chromeOptions: {debuggerAddress: localhost:45525}, networkConnectionEnabled: false, pageLoadStrategy: normal, platformName: LINUX, proxy: Proxy(), se:cdp: ws://localhost:45525/devtoo..., se:cdpVersion: 111.0.5563.146, setWindowRect: true, strictFileInteractability: false, timeouts: {implicit: 0, pageLoad: 300000, script: 30000}, unhandledPromptBehavior: dismiss and notify, webauthn:extension:credBlob: true, webauthn:extension:largeBlob: true, webauthn:virtualAuthenticators: true}
Element: [[ChromeDriver: chrome on LINUX (1e851ee48bbea848898ee64d4eacb9a9)] -> xpath: //*[@class="search-result mb-0 ng-scope"]/div/a]
Session ID: 1e851ee48bbea848898ee64d4eacb9a9
at org.openqa.selenium.remote.codec.w3c.W3CHttpResponseCodec.createException(W3CHttpResponseCodec.java:200)
at org.openqa.selenium.remote.codec.w3c.W3CHttpResponseCodec.decode(W3CHttpResponseCodec.java:133)
at org.openqa.selenium.remote.codec.w3c.W3CHttpResponseCodec.decode(W3CHttpResponseCodec.java:53)
at org.openqa.selenium.remote.HttpCommandExecutor.execute(HttpCommandExecutor.java:193)
at org.openqa.selenium.remote.service.DriverCommandExecutor.invokeExecute(DriverCommandExecutor.java:183)
at org.openqa.selenium.remote.service.DriverCommandExecutor.execute(DriverCommandExecutor.java:158)
at org.openqa.selenium.remote.RemoteWebDriver.execute(RemoteWebDriver.java:543)
at org.openqa.selenium.remote.RemoteWebElement.execute(RemoteWebElement.java:257)
at org.openqa.selenium.remote.RemoteWebElement.isDisplayed(RemoteWebElement.java:313)
at org.openqa.selenium.support.ui.ExpectedConditions$9.apply(ExpectedConditions.java:267)
at org.openqa.selenium.support.ui.ExpectedConditions$9.apply(ExpectedConditions.java:263)
at org.openqa.selenium.support.ui.FluentWait.until(FluentWait.java:208)
at com.demo.utilities.WebUtilities.fluent_wait(WebUtilities.java:63)
at com.demo.actions.web.Instructions.add_procedure(Instructions.java:163)
at com.demo.testcases.web.WebAppointmentInstructionsPageTest.search_procedure(WebAppointmentInstructionsPageTest.java:36)
at java.base/java.util.ArrayList.forEach(ArrayList.java:1511)
... Removed 32 stack frames]]>
    </failure>
  </testcase> <!-- search_procedure -->
  <testcase classname="com.demo.testcases.web.WebAppointmentInstructionsPageTest" name="create_new_test_inst_procedure" time="1.815"/>
  <testcase classname="com.demo.testcases.web.WebAppointmentSummaryPageTest" name="summary_tab" time="23.496"/>
  <testcase classname="com.demo.testcases.web.WebAppointmentSummaryPageTest" name="verify_dagnosis" time="10.157"/>
  <testcase classname="com.demo.testcases.web.WebAppointmentSummaryPageTest" name="verify_drug" time="0.507"/>
  <testcase classname="com.demo.testcases.web.WebAppointmentSummaryPageTest" name="verify_record_is_saved" time="1.217"/>
  <testcase classname="com.demo.testcases.web.WebAppointmentSummaryPageTest" name="verify_record_is_printed" time="1.646">
    <failure type="java.util.NoSuchElementException">
      <![CDATA[java.util.NoSuchElementException
at java.base/java.util.LinkedHashMap$LinkedHashIterator.nextNode(LinkedHashMap.java:758)
at java.base/java.util.LinkedHashMap$LinkedKeyIterator.next(LinkedHashMap.java:778)
at com.demo.actions.web.SummaryPage.verify_record_can_be_printed(SummaryPage.java:236)
at com.demo.testcases.web.WebAppointmentSummaryPageTest.verify_record_is_printed(WebAppointmentSummaryPageTest.java:45)
at java.base/java.util.ArrayList.forEach(ArrayList.java:1511)
... Removed 27 stack frames]]>
    </failure>
  </testcase> <!-- verify_record_is_printed -->
  <testcase classname="com.demo.setup.BaseSelenium" name="@BeforeTest setup" time="0.0">
    <ignored/>
  </testcase> <!-- @BeforeTest setup -->
  <testcase classname="com.demo.setup.BaseSelenium" name="@BeforeTest setup" time="0.0">
    <ignored/>
  </testcase> <!-- @BeforeTest setup -->
  <testcase classname="com.demo.testcases.web.WebLoginTest" name="validate_error_message" time="0.0">
    <ignored/>
  </testcase> <!-- validate_error_message -->
  <testcase classname="com.demo.testcases.web.WebAppointmentCFDTest" name="delete_added_popular_diagnosis" time="0.0">
    <ignored/>
  </testcase> <!-- delete_added_popular_diagnosis -->
  <testcase classname="com.demo.setup.BaseSelenium" name="@AfterTest tearDown" time="0.0">
    <ignored/>
  </testcase> <!-- @AfterTest tearDown -->
  <testcase classname="com.demo.testcases.web.WebLoginTest" name="Logout" time="0.0">
    <ignored/>
  </testcase> <!-- Logout -->
  <testcase classname="com.demo.setup.BaseSelenium" name="@BeforeTest setup" time="0.0">
    <ignored/>
  </testcase> <!-- @BeforeTest setup -->
  <testcase classname="com.demo.testcases.web.WebAppointmentCFDTest" name="diagnosis_tab_delete_cfd" time="0.0">
    <ignored/>
  </testcase> <!-- diagnosis_tab_delete_cfd -->
  <testcase classname="com.demo.setup.BaseSelenium" name="@BeforeTest setup" time="0.0">
    <ignored/>
  </testcase> <!-- @BeforeTest setup -->
  <testcase classname="com.demo.setup.BaseSelenium" name="@AfterTest tearDown" time="0.0">
    <ignored/>
  </testcase> <!-- @AfterTest tearDown -->
  <testcase classname="com.demo.setup.BaseSelenium" name="@AfterTest tearDown" time="0.0">
    <ignored/>
  </testcase> <!-- @AfterTest tearDown -->
  <testcase classname="com.demo.setup.BaseSelenium" name="@AfterTest tearDown" time="0.0">
    <ignored/>
  </testcase> <!-- @AfterTest tearDown -->
</testsuite> <!-- Test -->
